<?xml version="1.0" encoding="UTF-8"?>
<!-- Generated by org.testng.reporters.JUnitXMLReporter -->
<testsuite ignored="0" hostname="WINDOWS-VOIO2HT" failures="0" tests="3" name="smokeTestUserLogin" time="28.591" errors="0" timestamp="2023-03-23T16:20:13 KGT">
  <testcase classname="test.UserAccessTest" name="oneCanLoginProtoMail" time="14.465"/>
  <testcase classname="test.UserAccessTest" name="inCorrectCredentialLogin" time="4.996"/>
  <testcase classname="test.UserAccessTest" name="emptyCredentialLogin" time="2.818"/>
</testsuite> <!-- smokeTestUserLogin -->
