<?xml version="1.0" encoding="UTF-8"?>
<testng-results ignored="0" total="1" passed="1" failed="0" skipped="0">
  <reporter-output>
  </reporter-output>
  <suite started-at="2023-03-23T16:33:34 KGT" name="Frame" finished-at="2023-03-23T16:34:31 KGT" duration-ms="57443">
    <groups>
    </groups>
    <test started-at="2023-03-23T16:33:34 KGT" name="FullFrameTest" finished-at="2023-03-23T16:34:31 KGT" duration-ms="57443">
      <class name="test.FrameworkTest">
        <test-method is-config="true" signature="setUp()[pri:0, instance:test.FrameworkTest@105fece7]" started-at="2023-03-23T16:33:34 KGT" name="setUp" finished-at="2023-03-23T16:33:36 KGT" duration-ms="2700" status="PASS">
          <reporter-output>
          </reporter-output>
        </test-method> <!-- setUp -->
        <test-method signature="FullFrameworkTest()[pri:0, instance:test.FrameworkTest@105fece7]" started-at="2023-03-23T16:33:36 KGT" name="FullFrameworkTest" finished-at="2023-03-23T16:34:31 KGT" duration-ms="54399" status="PASS">
          <reporter-output>
          </reporter-output>
        </test-method> <!-- FullFrameworkTest -->
        <test-method is-config="true" signature="stopBrowser()[pri:0, instance:test.FrameworkTest@105fece7]" started-at="2023-03-23T16:34:31 KGT" name="stopBrowser" finished-at="2023-03-23T16:34:31 KGT" duration-ms="310" status="PASS">
          <reporter-output>
          </reporter-output>
        </test-method> <!-- stopBrowser -->
      </class> <!-- test.FrameworkTest -->
    </test> <!-- FullFrameTest -->
  </suite> <!-- Frame -->
</testng-results>
